<?xml version="1.0" encoding="UTF-8"?>
<!-- Generated by org.testng.reporters.JUnitXMLReporter -->
<testsuite ignored="3" hostname="VIJAY" failures="0" tests="3" name="Test" time="108.216" errors="0" timestamp="2025-07-13T11:11:40 IST">
  <testcase classname="test.Test1" name="game_dropdown" time="7.85"/>
  <testcase classname="test.Test1" name="play_MinesManualGame" time="22.173"/>
  <testcase classname="test.Test1" name="play_MinesAutoGame" time="44.375"/>
  <testcase classname="test.Test1" name="signIN" time="0.0">
    <ignored/>
  </testcase> <!-- signIN -->
  <testcase classname="test.Test1" name="play_DiceGame" time="0.0">
    <ignored/>
  </testcase> <!-- play_DiceGame -->
  <testcase classname="test.Test1" name="play_OpenCaseGame" time="0.0">
    <ignored/>
  </testcase> <!-- play_OpenCaseGame -->
</testsuite> <!-- Test -->
