<?xml version="1.0" encoding="UTF-8"?>
<testng-results ignored="0" total="5" passed="4" failed="1" skipped="0">
  <reporter-output>
    <line>
      <![CDATA[Launching Browser]]>
    </line>
    <line>
      <![CDATA[Dropdown Working Properly & Player landed on Mines Game Page]]>
    </line>
    <line>
      <![CDATA[Closing the browser]]>
    </line>
    <line>
      <![CDATA[Launching Browser]]>
    </line>
    <line>
      <![CDATA[Mines Game Played Successfully]]>
    </line>
    <line>
      <![CDATA[Taking ScreenShot]]>
    </line>
    <line>
      <![CDATA[Saved ScreenShot atC:\Users\vijay\eclipse-workspace\info.cryptocrash\screenshots\cryptoCrashplay_MinesManualGame_13.07.2025.18.44.53.png]]>
    </line>
    <line>
      <![CDATA[Closing the browser]]>
    </line>
    <line>
      <![CDATA[Launching Browser]]>
    </line>
    <line>
      <![CDATA[Closing the browser]]>
    </line>
    <line>
      <![CDATA[Launching Browser]]>
    </line>
    <line>
      <![CDATA[Dice Game Played Sucessfully]]>
    </line>
    <line>
      <![CDATA[Closing the browser]]>
    </line>
    <line>
      <![CDATA[Launching Browser]]>
    </line>
    <line>
      <![CDATA[OpenCase Game Played Successfully]]>
    </line>
    <line>
      <![CDATA[Closing the browser]]>
    </line>
  </reporter-output>
  <suite started-at="2025-07-13T18:44:02 IST" name="Suite" finished-at="2025-07-13T18:46:32 IST" duration-ms="150506">
    <groups>
    </groups>
    <test started-at="2025-07-13T18:44:02 IST" name="Test" finished-at="2025-07-13T18:46:32 IST" duration-ms="150506">
      <class name="test.Test1">
        <test-method is-config="true" signature="launchCryptocrash()[pri:0, instance:test.Test1@59fd97a8]" started-at="2025-07-13T18:44:02 IST" name="launchCryptocrash" finished-at="2025-07-13T18:44:12 IST" duration-ms="10202" status="PASS">
          <reporter-output>
            <line>
              <![CDATA[Launching Browser]]>
            </line>
          </reporter-output>
        </test-method> <!-- launchCryptocrash -->
        <test-method is-config="true" signature="initPageObjects()[pri:0, instance:test.Test1@59fd97a8]" started-at="2025-07-13T18:44:12 IST" name="initPageObjects" finished-at="2025-07-13T18:44:12 IST" duration-ms="50" status="PASS">
          <reporter-output>
          </reporter-output>
        </test-method> <!-- initPageObjects -->
        <test-method signature="game_dropdown()[pri:2, instance:test.Test1@59fd97a8]" started-at="2025-07-13T18:44:12 IST" name="game_dropdown" finished-at="2025-07-13T18:44:20 IST" duration-ms="8311" status="PASS">
          <reporter-output>
            <line>
              <![CDATA[Dropdown Working Properly & Player landed on Mines Game Page]]>
            </line>
          </reporter-output>
        </test-method> <!-- game_dropdown -->
        <test-method is-config="true" signature="closeCryptocrash()[pri:0, instance:test.Test1@59fd97a8]" started-at="2025-07-13T18:44:20 IST" name="closeCryptocrash" finished-at="2025-07-13T18:44:22 IST" duration-ms="1431" status="PASS">
          <reporter-output>
            <line>
              <![CDATA[Closing the browser]]>
            </line>
          </reporter-output>
        </test-method> <!-- closeCryptocrash -->
        <test-method is-config="true" signature="launchCryptocrash()[pri:0, instance:test.Test1@59fd97a8]" started-at="2025-07-13T18:44:22 IST" name="launchCryptocrash" finished-at="2025-07-13T18:44:30 IST" duration-ms="8774" status="PASS">
          <reporter-output>
            <line>
              <![CDATA[Launching Browser]]>
            </line>
          </reporter-output>
        </test-method> <!-- launchCryptocrash -->
        <test-method is-config="true" signature="initPageObjects()[pri:0, instance:test.Test1@59fd97a8]" started-at="2025-07-13T18:44:30 IST" name="initPageObjects" finished-at="2025-07-13T18:44:30 IST" duration-ms="4" status="PASS">
          <reporter-output>
          </reporter-output>
        </test-method> <!-- initPageObjects -->
        <test-method signature="play_MinesManualGame()[pri:3, instance:test.Test1@59fd97a8]" started-at="2025-07-13T18:44:30 IST" name="play_MinesManualGame" finished-at="2025-07-13T18:44:53 IST" duration-ms="22272" status="FAIL">
          <exception class="java.lang.AssertionError">
            <message>
              <![CDATA[Mismatch at column 1 expected [Mines] but found [Dice]]]>
            </message>
            <full-stacktrace>
              <![CDATA[java.lang.AssertionError: Mismatch at column 1 expected [Mines] but found [Dice]
at org.testng.Assert.fail(Assert.java:111)
at org.testng.Assert.failNotEquals(Assert.java:1578)
at org.testng.Assert.assertEqualsImpl(Assert.java:150)
at org.testng.Assert.assertEquals(Assert.java:132)
at org.testng.Assert.assertEquals(Assert.java:656)
at test.Test1.play_MinesManualGame(Test1.java:107)
at java.base/jdk.internal.reflect.NativeMethodAccessorImpl.invoke0(Native Method)
at java.base/jdk.internal.reflect.NativeMethodAccessorImpl.invoke(NativeMethodAccessorImpl.java:77)
at java.base/jdk.internal.reflect.DelegatingMethodAccessorImpl.invoke(DelegatingMethodAccessorImpl.java:43)
at java.base/java.lang.reflect.Method.invoke(Method.java:568)
at org.testng.internal.invokers.MethodInvocationHelper.invokeMethod(MethodInvocationHelper.java:139)
at org.testng.internal.invokers.TestInvoker.invokeMethod(TestInvoker.java:664)
at org.testng.internal.invokers.TestInvoker.invokeTestMethod(TestInvoker.java:228)
at org.testng.internal.invokers.MethodRunner.runInSequence(MethodRunner.java:63)
at org.testng.internal.invokers.TestInvoker$MethodInvocationAgent.invoke(TestInvoker.java:961)
at org.testng.internal.invokers.TestInvoker.invokeTestMethods(TestInvoker.java:201)
at org.testng.internal.invokers.TestMethodWorker.invokeTestMethods(TestMethodWorker.java:148)
at org.testng.internal.invokers.TestMethodWorker.run(TestMethodWorker.java:128)
at java.base/java.util.ArrayList.forEach(ArrayList.java:1511)
at org.testng.TestRunner.privateRun(TestRunner.java:819)
at org.testng.TestRunner.run(TestRunner.java:619)
at org.testng.SuiteRunner.runTest(SuiteRunner.java:443)
at org.testng.SuiteRunner.runSequentially(SuiteRunner.java:437)
at org.testng.SuiteRunner.privateRun(SuiteRunner.java:397)
at org.testng.SuiteRunner.run(SuiteRunner.java:336)
at org.testng.SuiteRunnerWorker.runSuite(SuiteRunnerWorker.java:52)
at org.testng.SuiteRunnerWorker.run(SuiteRunnerWorker.java:95)
at org.testng.TestNG.runSuitesSequentially(TestNG.java:1301)
at org.testng.TestNG.runSuitesLocally(TestNG.java:1228)
at org.testng.TestNG.runSuites(TestNG.java:1134)
at org.testng.TestNG.run(TestNG.java:1101)
at org.apache.maven.surefire.testng.TestNGExecutor.run(TestNGExecutor.java:308)
at org.apache.maven.surefire.testng.TestNGXmlTestSuite.execute(TestNGXmlTestSuite.java:71)
at org.apache.maven.surefire.testng.TestNGProvider.invoke(TestNGProvider.java:113)
at org.apache.maven.surefire.booter.ForkedBooter.runSuitesInProcess(ForkedBooter.java:385)
at org.apache.maven.surefire.booter.ForkedBooter.execute(ForkedBooter.java:162)
at org.apache.maven.surefire.booter.ForkedBooter.run(ForkedBooter.java:507)
at org.apache.maven.surefire.booter.ForkedBooter.main(ForkedBooter.java:495)
]]>
            </full-stacktrace>
          </exception> <!-- java.lang.AssertionError -->
          <reporter-output>
            <line>
              <![CDATA[Mines Game Played Successfully]]>
            </line>
            <line>
              <![CDATA[Taking ScreenShot]]>
            </line>
            <line>
              <![CDATA[Saved ScreenShot atC:\Users\vijay\eclipse-workspace\info.cryptocrash\screenshots\cryptoCrashplay_MinesManualGame_13.07.2025.18.44.53.png]]>
            </line>
          </reporter-output>
        </test-method> <!-- play_MinesManualGame -->
        <test-method is-config="true" signature="closeCryptocrash()[pri:0, instance:test.Test1@59fd97a8]" started-at="2025-07-13T18:44:53 IST" name="closeCryptocrash" finished-at="2025-07-13T18:44:54 IST" duration-ms="1402" status="PASS">
          <reporter-output>
            <line>
              <![CDATA[Closing the browser]]>
            </line>
          </reporter-output>
        </test-method> <!-- closeCryptocrash -->
        <test-method is-config="true" signature="launchCryptocrash()[pri:0, instance:test.Test1@59fd97a8]" started-at="2025-07-13T18:44:54 IST" name="launchCryptocrash" finished-at="2025-07-13T18:45:05 IST" duration-ms="10202" status="PASS">
          <reporter-output>
            <line>
              <![CDATA[Launching Browser]]>
            </line>
          </reporter-output>
        </test-method> <!-- launchCryptocrash -->
        <test-method is-config="true" signature="initPageObjects()[pri:0, instance:test.Test1@59fd97a8]" started-at="2025-07-13T18:45:05 IST" name="initPageObjects" finished-at="2025-07-13T18:45:05 IST" duration-ms="7" status="PASS">
          <reporter-output>
          </reporter-output>
        </test-method> <!-- initPageObjects -->
        <test-method signature="play_MinesAutoGame()[pri:4, instance:test.Test1@59fd97a8]" started-at="2025-07-13T18:45:05 IST" name="play_MinesAutoGame" finished-at="2025-07-13T18:45:49 IST" duration-ms="44323" status="PASS">
          <reporter-output>
          </reporter-output>
        </test-method> <!-- play_MinesAutoGame -->
        <test-method is-config="true" signature="closeCryptocrash()[pri:0, instance:test.Test1@59fd97a8]" started-at="2025-07-13T18:45:49 IST" name="closeCryptocrash" finished-at="2025-07-13T18:45:50 IST" duration-ms="1466" status="PASS">
          <reporter-output>
            <line>
              <![CDATA[Closing the browser]]>
            </line>
          </reporter-output>
        </test-method> <!-- closeCryptocrash -->
        <test-method is-config="true" signature="launchCryptocrash()[pri:0, instance:test.Test1@59fd97a8]" started-at="2025-07-13T18:45:50 IST" name="launchCryptocrash" finished-at="2025-07-13T18:45:59 IST" duration-ms="9004" status="PASS">
          <reporter-output>
            <line>
              <![CDATA[Launching Browser]]>
            </line>
          </reporter-output>
        </test-method> <!-- launchCryptocrash -->
        <test-method is-config="true" signature="initPageObjects()[pri:0, instance:test.Test1@59fd97a8]" started-at="2025-07-13T18:45:59 IST" name="initPageObjects" finished-at="2025-07-13T18:45:59 IST" duration-ms="3" status="PASS">
          <reporter-output>
          </reporter-output>
        </test-method> <!-- initPageObjects -->
        <test-method signature="play_DiceGame()[pri:5, instance:test.Test1@59fd97a8]" started-at="2025-07-13T18:45:59 IST" name="play_DiceGame" finished-at="2025-07-13T18:46:10 IST" depends-on-methods="test.Test1.game_dropdown" duration-ms="10144" status="PASS">
          <reporter-output>
            <line>
              <![CDATA[Dice Game Played Sucessfully]]>
            </line>
          </reporter-output>
        </test-method> <!-- play_DiceGame -->
        <test-method is-config="true" signature="closeCryptocrash()[pri:0, instance:test.Test1@59fd97a8]" started-at="2025-07-13T18:46:10 IST" name="closeCryptocrash" finished-at="2025-07-13T18:46:11 IST" duration-ms="1491" status="PASS">
          <reporter-output>
            <line>
              <![CDATA[Closing the browser]]>
            </line>
          </reporter-output>
        </test-method> <!-- closeCryptocrash -->
        <test-method is-config="true" signature="launchCryptocrash()[pri:0, instance:test.Test1@59fd97a8]" started-at="2025-07-13T18:46:11 IST" name="launchCryptocrash" finished-at="2025-07-13T18:46:22 IST" duration-ms="10893" status="PASS">
          <reporter-output>
            <line>
              <![CDATA[Launching Browser]]>
            </line>
          </reporter-output>
        </test-method> <!-- launchCryptocrash -->
        <test-method is-config="true" signature="initPageObjects()[pri:0, instance:test.Test1@59fd97a8]" started-at="2025-07-13T18:46:22 IST" name="initPageObjects" finished-at="2025-07-13T18:46:22 IST" duration-ms="4" status="PASS">
          <reporter-output>
          </reporter-output>
        </test-method> <!-- initPageObjects -->
        <test-method signature="play_OpenCaseGame()[pri:6, instance:test.Test1@59fd97a8]" started-at="2025-07-13T18:46:22 IST" name="play_OpenCaseGame" finished-at="2025-07-13T18:46:31 IST" depends-on-methods="test.Test1.game_dropdown" duration-ms="8581" status="PASS">
          <reporter-output>
            <line>
              <![CDATA[OpenCase Game Played Successfully]]>
            </line>
          </reporter-output>
        </test-method> <!-- play_OpenCaseGame -->
        <test-method is-config="true" signature="closeCryptocrash()[pri:0, instance:test.Test1@59fd97a8]" started-at="2025-07-13T18:46:31 IST" name="closeCryptocrash" finished-at="2025-07-13T18:46:32 IST" duration-ms="1468" status="PASS">
          <reporter-output>
            <line>
              <![CDATA[Closing the browser]]>
            </line>
          </reporter-output>
        </test-method> <!-- closeCryptocrash -->
      </class> <!-- test.Test1 -->
    </test> <!-- Test -->
  </suite> <!-- Suite -->
</testng-results>
