<?xml version="1.0" encoding="UTF-8"?>
<testng-results ignored="0" total="3" passed="2" failed="1" skipped="0">
  <reporter-output>
    <line>
      <![CDATA[Launching Browser]]>
    </line>
    <line>
      <![CDATA[Dropdown Working Properly & Player landed on Mines Game Page]]>
    </line>
    <line>
      <![CDATA[Closing the browser]]>
    </line>
    <line>
      <![CDATA[Launching Browser]]>
    </line>
    <line>
      <![CDATA[Mines Game Played Successfully]]>
    </line>
    <line>
      <![CDATA[Closing the browser]]>
    </line>
    <line>
      <![CDATA[Launching Browser]]>
    </line>
    <line>
      <![CDATA[Closing the browser]]>
    </line>
  </reporter-output>
  <suite started-at="2025-07-13T09:29:00 IST" name="Suite" finished-at="2025-07-13T09:30:16 IST" duration-ms="76210">
    <groups>
    </groups>
    <test started-at="2025-07-13T09:29:00 IST" name="Test" finished-at="2025-07-13T09:30:16 IST" duration-ms="76210">
      <class name="test.Test1">
        <test-method is-config="true" signature="launchCryptocrash()[pri:0, instance:test.Test1@6e171cd7]" started-at="2025-07-13T09:29:00 IST" name="launchCryptocrash" finished-at="2025-07-13T09:29:11 IST" duration-ms="10792" status="PASS">
          <reporter-output>
            <line>
              <![CDATA[Launching Browser]]>
            </line>
          </reporter-output>
        </test-method> <!-- launchCryptocrash -->
        <test-method is-config="true" signature="initPageObjects()[pri:0, instance:test.Test1@6e171cd7]" started-at="2025-07-13T09:29:11 IST" name="initPageObjects" finished-at="2025-07-13T09:29:11 IST" duration-ms="42" status="PASS">
          <reporter-output>
          </reporter-output>
        </test-method> <!-- initPageObjects -->
        <test-method signature="game_dropdown()[pri:2, instance:test.Test1@6e171cd7]" started-at="2025-07-13T09:29:11 IST" name="game_dropdown" finished-at="2025-07-13T09:29:24 IST" duration-ms="12763" status="PASS">
          <reporter-output>
            <line>
              <![CDATA[Dropdown Working Properly & Player landed on Mines Game Page]]>
            </line>
          </reporter-output>
        </test-method> <!-- game_dropdown -->
        <test-method is-config="true" signature="closeCryptocrash()[pri:0, instance:test.Test1@6e171cd7]" started-at="2025-07-13T09:29:24 IST" name="closeCryptocrash" finished-at="2025-07-13T09:29:25 IST" duration-ms="1618" status="PASS">
          <reporter-output>
            <line>
              <![CDATA[Closing the browser]]>
            </line>
          </reporter-output>
        </test-method> <!-- closeCryptocrash -->
        <test-method is-config="true" signature="launchCryptocrash()[pri:0, instance:test.Test1@6e171cd7]" started-at="2025-07-13T09:29:25 IST" name="launchCryptocrash" finished-at="2025-07-13T09:29:36 IST" duration-ms="10730" status="PASS">
          <reporter-output>
            <line>
              <![CDATA[Launching Browser]]>
            </line>
          </reporter-output>
        </test-method> <!-- launchCryptocrash -->
        <test-method is-config="true" signature="initPageObjects()[pri:0, instance:test.Test1@6e171cd7]" started-at="2025-07-13T09:29:36 IST" name="initPageObjects" finished-at="2025-07-13T09:29:36 IST" duration-ms="5" status="PASS">
          <reporter-output>
          </reporter-output>
        </test-method> <!-- initPageObjects -->
        <test-method signature="play_MinesManualGame()[pri:3, instance:test.Test1@6e171cd7]" started-at="2025-07-13T09:29:36 IST" name="play_MinesManualGame" finished-at="2025-07-13T09:29:59 IST" duration-ms="22433" status="PASS">
          <reporter-output>
            <line>
              <![CDATA[Mines Game Played Successfully]]>
            </line>
          </reporter-output>
        </test-method> <!-- play_MinesManualGame -->
        <test-method is-config="true" signature="closeCryptocrash()[pri:0, instance:test.Test1@6e171cd7]" started-at="2025-07-13T09:29:59 IST" name="closeCryptocrash" finished-at="2025-07-13T09:30:00 IST" duration-ms="1783" status="PASS">
          <reporter-output>
            <line>
              <![CDATA[Closing the browser]]>
            </line>
          </reporter-output>
        </test-method> <!-- closeCryptocrash -->
        <test-method is-config="true" signature="launchCryptocrash()[pri:0, instance:test.Test1@6e171cd7]" started-at="2025-07-13T09:30:00 IST" name="launchCryptocrash" finished-at="2025-07-13T09:30:10 IST" duration-ms="9466" status="PASS">
          <reporter-output>
            <line>
              <![CDATA[Launching Browser]]>
            </line>
          </reporter-output>
        </test-method> <!-- launchCryptocrash -->
        <test-method is-config="true" signature="initPageObjects()[pri:0, instance:test.Test1@6e171cd7]" started-at="2025-07-13T09:30:10 IST" name="initPageObjects" finished-at="2025-07-13T09:30:10 IST" duration-ms="6" status="PASS">
          <reporter-output>
          </reporter-output>
        </test-method> <!-- initPageObjects -->
        <test-method signature="play_MinesAutoGame()[pri:4, instance:test.Test1@6e171cd7]" started-at="2025-07-13T09:30:10 IST" name="play_MinesAutoGame" finished-at="2025-07-13T09:30:15 IST" duration-ms="4988" status="FAIL">
          <exception class="org.openqa.selenium.StaleElementReferenceException">
            <message>
              <![CDATA[stale element reference: stale element not found in the current frame
  (Session info: chrome=138.0.7204.101)
For documentation on this error, please visit: https://www.selenium.dev/documentation/webdriver/troubleshooting/errors#stale-element-reference-exception
Build info: version: '4.16.1', revision: '9b4c83354e'
System info: os.name: 'Windows 11', os.arch: 'amd64', os.version: '10.0', java.version: '17.0.8'
Driver info: org.openqa.selenium.chrome.ChromeDriver
Command: [fce1f936ffb5370a5f412d517453f795, clickElement {id=f.790D8669F200762CDB4A49BB9AA797E6.d.5751D39EBF88A5AA21F434D19671789A.e.90}]
Capabilities {acceptInsecureCerts: false, browserName: chrome, browserVersion: 138.0.7204.101, chrome: {chromedriverVersion: 138.0.7204.94 (545025748884..., userDataDir: C:\Users\vijay\AppData\Loca...}, fedcm:accounts: true, goog:chromeOptions: {debuggerAddress: localhost:34787}, networkConnectionEnabled: false, pageLoadStrategy: normal, platformName: windows, proxy: Proxy(), se:cdp: ws://localhost:34787/devtoo..., se:cdpVersion: 138.0.7204.101, setWindowRect: true, strictFileInteractability: false, timeouts: {implicit: 0, pageLoad: 300000, script: 30000}, unhandledPromptBehavior: dismiss and notify, webauthn:extension:credBlob: true, webauthn:extension:largeBlob: true, webauthn:extension:minPinLength: true, webauthn:extension:prf: true, webauthn:virtualAuthenticators: true}
Element: [[ChromeDriver: chrome on windows (fce1f936ffb5370a5f412d517453f795)] -> xpath: (//li[@class='nav-item'])[2]/button]
Session ID: fce1f936ffb5370a5f412d517453f795]]>
            </message>
            <full-stacktrace>
              <![CDATA[org.openqa.selenium.StaleElementReferenceException: stale element reference: stale element not found in the current frame
  (Session info: chrome=138.0.7204.101)
For documentation on this error, please visit: https://www.selenium.dev/documentation/webdriver/troubleshooting/errors#stale-element-reference-exception
Build info: version: '4.16.1', revision: '9b4c83354e'
System info: os.name: 'Windows 11', os.arch: 'amd64', os.version: '10.0', java.version: '17.0.8'
Driver info: org.openqa.selenium.chrome.ChromeDriver
Command: [fce1f936ffb5370a5f412d517453f795, clickElement {id=f.790D8669F200762CDB4A49BB9AA797E6.d.5751D39EBF88A5AA21F434D19671789A.e.90}]
Capabilities {acceptInsecureCerts: false, browserName: chrome, browserVersion: 138.0.7204.101, chrome: {chromedriverVersion: 138.0.7204.94 (545025748884..., userDataDir: C:\Users\vijay\AppData\Loca...}, fedcm:accounts: true, goog:chromeOptions: {debuggerAddress: localhost:34787}, networkConnectionEnabled: false, pageLoadStrategy: normal, platformName: windows, proxy: Proxy(), se:cdp: ws://localhost:34787/devtoo..., se:cdpVersion: 138.0.7204.101, setWindowRect: true, strictFileInteractability: false, timeouts: {implicit: 0, pageLoad: 300000, script: 30000}, unhandledPromptBehavior: dismiss and notify, webauthn:extension:credBlob: true, webauthn:extension:largeBlob: true, webauthn:extension:minPinLength: true, webauthn:extension:prf: true, webauthn:virtualAuthenticators: true}
Element: [[ChromeDriver: chrome on windows (fce1f936ffb5370a5f412d517453f795)] -> xpath: (//li[@class='nav-item'])[2]/button]
Session ID: fce1f936ffb5370a5f412d517453f795
at java.base/jdk.internal.reflect.NativeConstructorAccessorImpl.newInstance0(Native Method)
at java.base/jdk.internal.reflect.NativeConstructorAccessorImpl.newInstance(NativeConstructorAccessorImpl.java:77)
at java.base/jdk.internal.reflect.DelegatingConstructorAccessorImpl.newInstance(DelegatingConstructorAccessorImpl.java:45)
at java.base/java.lang.reflect.Constructor.newInstanceWithCaller(Constructor.java:499)
at java.base/java.lang.reflect.Constructor.newInstance(Constructor.java:480)
at org.openqa.selenium.remote.codec.w3c.W3CHttpResponseCodec.createException(W3CHttpResponseCodec.java:200)
at org.openqa.selenium.remote.codec.w3c.W3CHttpResponseCodec.decode(W3CHttpResponseCodec.java:133)
at org.openqa.selenium.remote.codec.w3c.W3CHttpResponseCodec.decode(W3CHttpResponseCodec.java:52)
at org.openqa.selenium.remote.HttpCommandExecutor.execute(HttpCommandExecutor.java:191)
at org.openqa.selenium.remote.service.DriverCommandExecutor.invokeExecute(DriverCommandExecutor.java:200)
at org.openqa.selenium.remote.service.DriverCommandExecutor.execute(DriverCommandExecutor.java:175)
at org.openqa.selenium.remote.RemoteWebDriver.execute(RemoteWebDriver.java:523)
at org.openqa.selenium.remote.RemoteWebElement.execute(RemoteWebElement.java:224)
at org.openqa.selenium.remote.RemoteWebElement.click(RemoteWebElement.java:77)
at jdk.internal.reflect.GeneratedMethodAccessor3.invoke(Unknown Source)
at java.base/jdk.internal.reflect.DelegatingMethodAccessorImpl.invoke(DelegatingMethodAccessorImpl.java:43)
at java.base/java.lang.reflect.Method.invoke(Method.java:568)
at org.openqa.selenium.support.pagefactory.internal.LocatingElementHandler.invoke(LocatingElementHandler.java:51)
at jdk.proxy2/jdk.proxy2.$Proxy9.click(Unknown Source)
at pom.MinesGamePage.click_AutoBetTab(MinesGamePage.java:147)
at test.Test1.play_MinesAutoGame(Test1.java:115)
at java.base/jdk.internal.reflect.NativeMethodAccessorImpl.invoke0(Native Method)
at java.base/jdk.internal.reflect.NativeMethodAccessorImpl.invoke(NativeMethodAccessorImpl.java:77)
at java.base/jdk.internal.reflect.DelegatingMethodAccessorImpl.invoke(DelegatingMethodAccessorImpl.java:43)
at java.base/java.lang.reflect.Method.invoke(Method.java:568)
at org.testng.internal.invokers.MethodInvocationHelper.invokeMethod(MethodInvocationHelper.java:139)
at org.testng.internal.invokers.TestInvoker.invokeMethod(TestInvoker.java:664)
at org.testng.internal.invokers.TestInvoker.invokeTestMethod(TestInvoker.java:228)
at org.testng.internal.invokers.MethodRunner.runInSequence(MethodRunner.java:63)
at org.testng.internal.invokers.TestInvoker$MethodInvocationAgent.invoke(TestInvoker.java:961)
at org.testng.internal.invokers.TestInvoker.invokeTestMethods(TestInvoker.java:201)
at org.testng.internal.invokers.TestMethodWorker.invokeTestMethods(TestMethodWorker.java:148)
at org.testng.internal.invokers.TestMethodWorker.run(TestMethodWorker.java:128)
at java.base/java.util.ArrayList.forEach(ArrayList.java:1511)
at org.testng.TestRunner.privateRun(TestRunner.java:819)
at org.testng.TestRunner.run(TestRunner.java:619)
at org.testng.SuiteRunner.runTest(SuiteRunner.java:443)
at org.testng.SuiteRunner.runSequentially(SuiteRunner.java:437)
at org.testng.SuiteRunner.privateRun(SuiteRunner.java:397)
at org.testng.SuiteRunner.run(SuiteRunner.java:336)
at org.testng.SuiteRunnerWorker.runSuite(SuiteRunnerWorker.java:52)
at org.testng.SuiteRunnerWorker.run(SuiteRunnerWorker.java:95)
at org.testng.TestNG.runSuitesSequentially(TestNG.java:1301)
at org.testng.TestNG.runSuitesLocally(TestNG.java:1228)
at org.testng.TestNG.runSuites(TestNG.java:1134)
at org.testng.TestNG.run(TestNG.java:1101)
at org.apache.maven.surefire.testng.TestNGExecutor.run(TestNGExecutor.java:308)
at org.apache.maven.surefire.testng.TestNGXmlTestSuite.execute(TestNGXmlTestSuite.java:71)
at org.apache.maven.surefire.testng.TestNGProvider.invoke(TestNGProvider.java:113)
at org.apache.maven.surefire.booter.ForkedBooter.runSuitesInProcess(ForkedBooter.java:385)
at org.apache.maven.surefire.booter.ForkedBooter.execute(ForkedBooter.java:162)
at org.apache.maven.surefire.booter.ForkedBooter.run(ForkedBooter.java:507)
at org.apache.maven.surefire.booter.ForkedBooter.main(ForkedBooter.java:495)
]]>
            </full-stacktrace>
          </exception> <!-- org.openqa.selenium.StaleElementReferenceException -->
          <reporter-output>
          </reporter-output>
        </test-method> <!-- play_MinesAutoGame -->
        <test-method is-config="true" signature="closeCryptocrash()[pri:0, instance:test.Test1@6e171cd7]" started-at="2025-07-13T09:30:15 IST" name="closeCryptocrash" finished-at="2025-07-13T09:30:16 IST" duration-ms="1456" status="PASS">
          <reporter-output>
            <line>
              <![CDATA[Closing the browser]]>
            </line>
          </reporter-output>
        </test-method> <!-- closeCryptocrash -->
      </class> <!-- test.Test1 -->
    </test> <!-- Test -->
  </suite> <!-- Suite -->
</testng-results>
